{"contracts/Activatable.sol":{"l":{"13":0,"14":0,"18":0,"19":0,"23":0,"24":0,"29":0,"30":0},"path":"/Users/kamioka/myproject/contracts/Activatable.sol","s":{"1":0,"2":0,"3":0,"4":0,"5":0,"6":0},"b":{"1":[0,0],"2":[0,0]},"f":{"1":0,"2":0,"3":0,"4":0},"fnMap":{"1":{"name":"whenActive","line":12,"loc":{"start":{"line":12,"column":4},"end":{"line":12,"column":23}}},"2":{"name":"whenNotActive","line":17,"loc":{"start":{"line":17,"column":4},"end":{"line":17,"column":26}}},"3":{"name":"deactivate","line":22,"loc":{"start":{"line":22,"column":4},"end":{"line":22,"column":51}}},"4":{"name":"activate","line":28,"loc":{"start":{"line":28,"column":4},"end":{"line":28,"column":52}}}},"statementMap":{"1":{"start":{"line":13,"column":8},"end":{"line":13,"column":22}},"2":{"start":{"line":18,"column":8},"end":{"line":18,"column":23}},"3":{"start":{"line":23,"column":8},"end":{"line":23,"column":21}},"4":{"start":{"line":24,"column":8},"end":{"line":24,"column":35}},"5":{"start":{"line":29,"column":8},"end":{"line":29,"column":20}},"6":{"start":{"line":30,"column":8},"end":{"line":30,"column":33}}},"branchMap":{"1":{"line":13,"type":"if","locations":[{"start":{"line":13,"column":8},"end":{"line":13,"column":8}},{"start":{"line":13,"column":8},"end":{"line":13,"column":8}}]},"2":{"line":18,"type":"if","locations":[{"start":{"line":18,"column":8},"end":{"line":18,"column":8}},{"start":{"line":18,"column":8},"end":{"line":18,"column":8}}]}}},"contracts/Room.sol":{"l":{"58":1,"62":0,"63":0,"67":0,"68":0,"69":0,"70":0,"71":0,"73":0,"74":0,"75":0,"79":0,"81":0,"82":0,"83":0},"path":"/Users/kamioka/myproject/contracts/Room.sol","s":{"1":1,"2":0,"3":0,"4":0,"5":0,"6":0,"7":0,"8":0,"9":0,"10":0,"11":0,"12":0,"13":0},"b":{"1":[0,0],"2":[0,0],"3":[0,0],"4":[0,0],"5":[0,0],"6":[0,0],"7":[0,0]},"f":{"1":1,"2":0,"3":0,"4":0},"fnMap":{"1":{"name":null,"line":57,"loc":{"start":{"line":57,"column":4},"end":{"line":57,"column":46}}},"2":{"name":"deposit","line":61,"loc":{"start":{"line":61,"column":4},"end":{"line":61,"column":51}}},"3":{"name":"sendReward","line":66,"loc":{"start":{"line":66,"column":4},"end":{"line":66,"column":85}}},"4":{"name":"refundToOwner","line":78,"loc":{"start":{"line":78,"column":4},"end":{"line":78,"column":45}}}},"statementMap":{"1":{"start":{"line":58,"column":8},"end":{"line":58,"column":23}},"2":{"start":{"line":62,"column":8},"end":{"line":62,"column":29}},"3":{"start":{"line":63,"column":8},"end":{"line":63,"column":45}},"4":{"start":{"line":67,"column":8},"end":{"line":67,"column":32}},"5":{"start":{"line":68,"column":8},"end":{"line":68,"column":27}},"6":{"start":{"line":69,"column":8},"end":{"line":69,"column":48}},"7":{"start":{"line":70,"column":8},"end":{"line":70,"column":35}},"8":{"start":{"line":71,"column":8},"end":{"line":71,"column":30}},"9":{"start":{"line":73,"column":1},"end":{"line":73,"column":22}},"10":{"start":{"line":75,"column":1},"end":{"line":75,"column":37}},"11":{"start":{"line":79,"column":8},"end":{"line":79,"column":41}},"12":{"start":{"line":81,"column":1},"end":{"line":81,"column":47}},"13":{"start":{"line":83,"column":1},"end":{"line":83,"column":50}}},"branchMap":{"1":{"line":62,"type":"if","locations":[{"start":{"line":62,"column":8},"end":{"line":62,"column":8}},{"start":{"line":62,"column":8},"end":{"line":62,"column":8}}]},"2":{"line":67,"type":"if","locations":[{"start":{"line":67,"column":8},"end":{"line":67,"column":8}},{"start":{"line":67,"column":8},"end":{"line":67,"column":8}}]},"3":{"line":68,"type":"if","locations":[{"start":{"line":68,"column":8},"end":{"line":68,"column":8}},{"start":{"line":68,"column":8},"end":{"line":68,"column":8}}]},"4":{"line":69,"type":"if","locations":[{"start":{"line":69,"column":8},"end":{"line":69,"column":8}},{"start":{"line":69,"column":8},"end":{"line":69,"column":8}}]},"5":{"line":70,"type":"if","locations":[{"start":{"line":70,"column":8},"end":{"line":70,"column":8}},{"start":{"line":70,"column":8},"end":{"line":70,"column":8}}]},"6":{"line":71,"type":"if","locations":[{"start":{"line":71,"column":8},"end":{"line":71,"column":8}},{"start":{"line":71,"column":8},"end":{"line":71,"column":8}}]},"7":{"line":79,"type":"if","locations":[{"start":{"line":79,"column":8},"end":{"line":79,"column":8}},{"start":{"line":79,"column":8},"end":{"line":79,"column":8}}]}}},"contracts/RoomFactory.sol":{"l":{"16":1,"17":1},"path":"/Users/kamioka/myproject/contracts/RoomFactory.sol","s":{"1":1,"2":1},"b":{},"f":{"1":1},"fnMap":{"1":{"name":"createRoom","line":15,"loc":{"start":{"line":15,"column":4},"end":{"line":15,"column":54}}}},"statementMap":{"1":{"start":{"line":16,"column":8},"end":{"line":16,"column":64}},"2":{"start":{"line":17,"column":8},"end":{"line":17,"column":56}}},"branchMap":{}}}