TN:
SF:/Users/kamioka/myproject/contracts/Activatable.sol
FN:12,whenActive
FN:17,whenNotActive
FN:22,deactivate
FN:28,activate
FNF:4
FNH:0
FNDA:0,whenActive
FNDA:0,whenNotActive
FNDA:0,deactivate
FNDA:0,activate
DA:13,0
DA:14,0
DA:18,0
DA:19,0
DA:23,0
DA:24,0
DA:29,0
DA:30,0
LF:8
LH:0
BRDA:13,1,0,0
BRDA:13,1,1,0
BRDA:18,2,0,0
BRDA:18,2,1,0
BRF:4
BRH:0
end_of_record
TN:
SF:/Users/kamioka/myproject/contracts/Room.sol
FN:57,
FN:61,deposit
FN:66,sendReward
FN:78,refundToOwner
FNF:4
FNH:1
FNDA:1,
FNDA:0,deposit
FNDA:0,sendReward
FNDA:0,refundToOwner
DA:58,1
DA:62,0
DA:63,0
DA:67,0
DA:68,0
DA:69,0
DA:70,0
DA:71,0
DA:73,0
DA:74,0
DA:75,0
DA:79,0
DA:81,0
DA:82,0
DA:83,0
LF:15
LH:1
BRDA:62,1,0,0
BRDA:62,1,1,0
BRDA:67,2,0,0
BRDA:67,2,1,0
BRDA:68,3,0,0
BRDA:68,3,1,0
BRDA:69,4,0,0
BRDA:69,4,1,0
BRDA:70,5,0,0
BRDA:70,5,1,0
BRDA:71,6,0,0
BRDA:71,6,1,0
BRDA:79,7,0,0
BRDA:79,7,1,0
BRF:14
BRH:0
end_of_record
TN:
SF:/Users/kamioka/myproject/contracts/RoomFactory.sol
FN:15,createRoom
FNF:1
FNH:1
FNDA:1,createRoom
DA:16,1
DA:17,1
LF:2
LH:2
BRF:0
BRH:0
end_of_record
